<?xml version="1.0" encoding="UTF-8"?>
<robot generator="Robot 6.0.2 (Python 3.11.2 on win32)" generated="20230407 18:39:49.646" rpa="false" schemaversion="3">
<suite id="s1" name="Dropdowns" source="C:\Users\Emre\Desktop\robotframework-practice\robotframework-basic\TestCases\Dropdowns.robot">
<test id="s1-t1" name="Handling Dropdowns and List" line="9">
<kw name="Open Browser" library="SeleniumLibrary">
<arg>${url}</arg>
<arg>${browser}</arg>
<doc>Opens a new browser instance to the optional ``url``.</doc>
<msg timestamp="20230407 18:39:50.026" level="INFO">Opening browser 'chrome' to base url 'https://www.tutorialspoint.com/selenium/selenium_automation_practice.htm'.</msg>
<status status="PASS" starttime="20230407 18:39:50.025" endtime="20230407 18:39:55.097"/>
</kw>
<kw name="Maximize Browser Window" library="SeleniumLibrary">
<doc>Maximizes current browser window.</doc>
<status status="PASS" starttime="20230407 18:39:55.098" endtime="20230407 18:39:55.230"/>
</kw>
<kw name="Select From List By Index" library="SeleniumLibrary">
<arg>continents</arg>
<arg>3</arg>
<doc>Selects options from selection list ``locator`` by ``indexes``.</doc>
<msg timestamp="20230407 18:39:55.232" level="INFO">Selecting options from selection list 'continents' by index 3.</msg>
<status status="PASS" starttime="20230407 18:39:55.231" endtime="20230407 18:39:55.405"/>
</kw>
<kw name="Sleep" library="BuiltIn">
<arg>3</arg>
<doc>Pauses the test executed for the given time.</doc>
<msg timestamp="20230407 18:39:58.408" level="INFO">Slept 3 seconds</msg>
<status status="PASS" starttime="20230407 18:39:55.406" endtime="20230407 18:39:58.408"/>
</kw>
<kw name="Select From List By Label" library="SeleniumLibrary">
<arg>continents</arg>
<arg>Europe</arg>
<doc>Selects options from selection list ``locator`` by ``labels``.</doc>
<msg timestamp="20230407 18:39:58.414" level="INFO">Selecting options from selection list 'continents' by label Europe.</msg>
<status status="PASS" starttime="20230407 18:39:58.413" endtime="20230407 18:40:01.690"/>
</kw>
<kw name="Sleep" library="BuiltIn">
<arg>1</arg>
<doc>Pauses the test executed for the given time.</doc>
<msg timestamp="20230407 18:40:02.692" level="INFO">Slept 1 second</msg>
<status status="PASS" starttime="20230407 18:40:01.691" endtime="20230407 18:40:02.692"/>
</kw>
<kw name="Select From List By Label" library="SeleniumLibrary">
<arg>selenium_commands</arg>
<arg>Browser Commands</arg>
<doc>Selects options from selection list ``locator`` by ``labels``.</doc>
<msg timestamp="20230407 18:40:02.693" level="INFO">Selecting options from selection list 'selenium_commands' by label Browser Commands.</msg>
<status status="PASS" starttime="20230407 18:40:02.692" endtime="20230407 18:40:02.792"/>
</kw>
<kw name="Select From List By Label" library="SeleniumLibrary">
<arg>selenium_commands</arg>
<arg>WebElement Commands</arg>
<doc>Selects options from selection list ``locator`` by ``labels``.</doc>
<msg timestamp="20230407 18:40:02.793" level="INFO">Selecting options from selection list 'selenium_commands' by label WebElement Commands.</msg>
<status status="PASS" starttime="20230407 18:40:02.793" endtime="20230407 18:40:02.871"/>
</kw>
<kw name="Sleep" library="BuiltIn">
<arg>3</arg>
<doc>Pauses the test executed for the given time.</doc>
<msg timestamp="20230407 18:40:05.871" level="INFO">Slept 3 seconds</msg>
<status status="PASS" starttime="20230407 18:40:02.871" endtime="20230407 18:40:05.871"/>
</kw>
<kw name="Unselect From List By Label" library="SeleniumLibrary">
<arg>selenium_commands</arg>
<arg>WebElement Commands</arg>
<doc>Unselects options from selection list ``locator`` by ``labels``.</doc>
<msg timestamp="20230407 18:40:05.872" level="INFO">Un-selecting options from selection list 'selenium_commands' by label WebElement Commands.</msg>
<status status="PASS" starttime="20230407 18:40:05.871" endtime="20230407 18:40:05.933"/>
</kw>
<status status="PASS" starttime="20230407 18:39:50.024" endtime="20230407 18:40:05.933"/>
</test>
<status status="PASS" starttime="20230407 18:39:49.647" endtime="20230407 18:40:05.935"/>
</suite>
<statistics>
<total>
<stat pass="1" fail="0" skip="0">All Tests</stat>
</total>
<tag>
</tag>
<suite>
<stat pass="1" fail="0" skip="0" id="s1" name="Dropdowns">Dropdowns</stat>
</suite>
</statistics>
<errors>
</errors>
</robot>
